Using pre-set license
Built from '2021.3/staging' branch; Version is '2021.3.18f1 (3129e69bc0c7) revision 3221990'; Using compiler version '192829333'; Build Type 'Release'
OS: 'Windows 10  (10.0.19045) 64bit Professional' Language: 'en' Physical Memory: 130909 MB
BatchMode: 1, IsHumanControllingUs: 0, StartBugReporterOnCrash: 0, Is64bit: 1, IsPro: 1

COMMAND LINE ARGUMENTS:
E:\ProgramFiles2\Unity\2021.3.18f1\Editor\Unity.exe
-adb2
-batchMode
-noUpm
-name
AssetImportWorker0
-projectPath
P:/Unity/VRIAMA_M10_Base
-logFile
Logs/AssetImportWorker0.log
-srvPort
60718
Successfully changed project path to: P:/Unity/VRIAMA_M10_Base
P:/Unity/VRIAMA_M10_Base
[UnityMemory] Configuration Parameters - Can be set up in boot.config
    "memorysetup-bucket-allocator-granularity=16"
    "memorysetup-bucket-allocator-bucket-count=8"
    "memorysetup-bucket-allocator-block-size=33554432"
    "memorysetup-bucket-allocator-block-count=8"
    "memorysetup-main-allocator-block-size=16777216"
    "memorysetup-thread-allocator-block-size=16777216"
    "memorysetup-gfx-main-allocator-block-size=16777216"
    "memorysetup-gfx-thread-allocator-block-size=16777216"
    "memorysetup-cache-allocator-block-size=4194304"
    "memorysetup-typetree-allocator-block-size=2097152"
    "memorysetup-profiler-bucket-allocator-granularity=16"
    "memorysetup-profiler-bucket-allocator-bucket-count=8"
    "memorysetup-profiler-bucket-allocator-block-size=33554432"
    "memorysetup-profiler-bucket-allocator-block-count=8"
    "memorysetup-profiler-allocator-block-size=16777216"
    "memorysetup-profiler-editor-allocator-block-size=1048576"
    "memorysetup-temp-allocator-size-main=16777216"
    "memorysetup-job-temp-allocator-block-size=2097152"
    "memorysetup-job-temp-allocator-block-size-background=1048576"
    "memorysetup-job-temp-allocator-reduction-small-platforms=262144"
    "memorysetup-temp-allocator-size-background-worker=32768"
    "memorysetup-temp-allocator-size-job-worker=262144"
    "memorysetup-temp-allocator-size-preload-manager=33554432"
    "memorysetup-temp-allocator-size-nav-mesh-worker=65536"
    "memorysetup-temp-allocator-size-audio-worker=65536"
    "memorysetup-temp-allocator-size-cloud-worker=32768"
    "memorysetup-temp-allocator-size-gi-baking-worker=262144"
    "memorysetup-temp-allocator-size-gfx=262144"
Player connection [21724] Host "[IP] 192.168.0.14 [Port] 0 [Flags] 2 [Guid] 1312953698 [EditorId] 1312953698 [Version] 1048832 [Id] WindowsEditor(7,HOMEMK-003) [Debug] 1 [PackageName] WindowsEditor [ProjectName] Editor" joined multi-casting on [225.0.0.222:54997]...

Player connection [21724] Host "[IP] 192.168.0.14 [Port] 0 [Flags] 2 [Guid] 1312953698 [EditorId] 1312953698 [Version] 1048832 [Id] WindowsEditor(7,HOMEMK-003) [Debug] 1 [PackageName] WindowsEditor [ProjectName] Editor" joined alternative multi-casting on [225.0.0.222:34997]...

Refreshing native plugins compatible for Editor in 97.54 ms, found 3 plugins.
Preloading 0 native plugins for Editor in 0.00 ms.
Initialize engine version: 2021.3.18f1 (3129e69bc0c7)
[Subsystems] Discovering subsystems at path E:/ProgramFiles2/Unity/2021.3.18f1/Editor/Data/Resources/UnitySubsystems
[Subsystems] Discovering subsystems at path P:/Unity/VRIAMA_M10_Base/Assets
GfxDevice: creating device client; threaded=0; jobified=0
Direct3D:
    Version:  Direct3D 11.0 [level 11.1]
    Renderer: NVIDIA GeForce GTX 1080 Ti (ID=0x1b06)
    Vendor:   NVIDIA
    VRAM:     11127 MB
    Driver:   31.0.15.1694
Initialize mono
Mono path[0] = 'E:/ProgramFiles2/Unity/2021.3.18f1/Editor/Data/Managed'
Mono path[1] = 'E:/ProgramFiles2/Unity/2021.3.18f1/Editor/Data/MonoBleedingEdge/lib/mono/unityjit-win32'
Mono config path = 'E:/ProgramFiles2/Unity/2021.3.18f1/Editor/Data/MonoBleedingEdge/etc'
Using monoOptions --debugger-agent=transport=dt_socket,embedding=1,server=y,suspend=n,address=127.0.0.1:56532
Begin MonoManager ReloadAssembly
Registering precompiled unity dll's ...
Register platform support module: E:/ProgramFiles2/Unity/2021.3.18f1/Editor/Data/PlaybackEngines/AndroidPlayer/UnityEditor.Android.Extensions.dll
Register platform support module: E:/ProgramFiles2/Unity/2021.3.18f1/Editor/Data/PlaybackEngines/WindowsStandaloneSupport/UnityEditor.WindowsStandalone.Extensions.dll
Registered in 0.011295 seconds.
Native extension for WindowsStandalone target not found
Native extension for Android target not found
Android Extension - Scanning For ADB Devices 462 ms
Refreshing native plugins compatible for Editor in 94.60 ms, found 3 plugins.
Preloading 0 native plugins for Editor in 0.00 ms.
Mono: successfully reloaded assembly
- Completed reload, in  1.273 seconds
Domain Reload Profiling:
	ReloadAssembly (1274ms)
		BeginReloadAssembly (105ms)
			ExecutionOrderSort (0ms)
			DisableScriptedObjects (0ms)
			BackupInstance (0ms)
			ReleaseScriptingObjects (0ms)
			CreateAndSetChildDomain (1ms)
		EndReloadAssembly (1035ms)
			LoadAssemblies (104ms)
			RebuildTransferFunctionScriptingTraits (0ms)
			SetupTypeCache (132ms)
			ReleaseScriptCaches (0ms)
			RebuildScriptCaches (33ms)
			SetupLoadedEditorAssemblies (809ms)
				LogAssemblyErrors (0ms)
				InitializePlatformSupportModulesInManaged (556ms)
				SetLoadedEditorAssemblies (0ms)
				RefreshPlugins (95ms)
				BeforeProcessingInitializeOnLoad (1ms)
				ProcessInitializeOnLoadAttributes (106ms)
				ProcessInitializeOnLoadMethodAttributes (51ms)
				AfterProcessingInitializeOnLoad (0ms)
				EditorAssembliesLoaded (0ms)
			ExecutionOrderSort2 (0ms)
			AwakeInstancesAfterBackupRestoration (0ms)
Platform modules already initialized, skipping
Registering precompiled user dll's ...
Registered in 0.007915 seconds.
Begin MonoManager ReloadAssembly
Symbol file LoadedFromMemory doesn't match image P:\Unity\VRIAMA_M10_Base\Library\PackageCache\com.unity.visualscripting@1.8.0\Editor\VisualScripting.Core\Dependencies\YamlDotNet\Unity.VisualScripting.YamlDotNet.dll
Symbol file LoadedFromMemory doesn't match image P:\Unity\VRIAMA_M10_Base\Library\PackageCache\com.unity.visualscripting@1.8.0\Editor\VisualScripting.Core\Dependencies\DotNetZip\Unity.VisualScripting.IonicZip.dll
Native extension for WindowsStandalone target not found
Native extension for Android target not found
Refreshing native plugins compatible for Editor in 0.61 ms, found 3 plugins.
Preloading 0 native plugins for Editor in 0.00 ms.
Mono: successfully reloaded assembly
- Completed reload, in  1.291 seconds
Domain Reload Profiling:
	ReloadAssembly (1292ms)
		BeginReloadAssembly (137ms)
			ExecutionOrderSort (0ms)
			DisableScriptedObjects (7ms)
			BackupInstance (0ms)
			ReleaseScriptingObjects (0ms)
			CreateAndSetChildDomain (24ms)
		EndReloadAssembly (1030ms)
			LoadAssemblies (118ms)
			RebuildTransferFunctionScriptingTraits (0ms)
			SetupTypeCache (339ms)
			ReleaseScriptCaches (1ms)
			RebuildScriptCaches (58ms)
			SetupLoadedEditorAssemblies (444ms)
				LogAssemblyErrors (0ms)
				InitializePlatformSupportModulesInManaged (28ms)
				SetLoadedEditorAssemblies (0ms)
				RefreshPlugins (1ms)
				BeforeProcessingInitializeOnLoad (120ms)
				ProcessInitializeOnLoadAttributes (261ms)
				ProcessInitializeOnLoadMethodAttributes (28ms)
				AfterProcessingInitializeOnLoad (6ms)
				EditorAssembliesLoaded (0ms)
			ExecutionOrderSort2 (0ms)
			AwakeInstancesAfterBackupRestoration (11ms)
Platform modules already initialized, skipping
========================================================================
Worker process is ready to serve import requests
Launched and connected shader compiler UnityShaderCompiler.exe after 0.06 seconds
Refreshing native plugins compatible for Editor in 0.90 ms, found 3 plugins.
Preloading 0 native plugins for Editor in 0.00 ms.
Unloading 3048 Unused Serialized files (Serialized files now loaded: 0)
Unloading 24 unused Assets / (113.8 KB). Loaded Objects now: 3510.
Memory consumption went from 107.6 MB to 107.5 MB.
Total: 3.427400 ms (FindLiveObjects: 0.300100 ms CreateObjectMapping: 0.141300 ms MarkObjects: 2.864900 ms  DeleteObjects: 0.119400 ms)

AssetImportParameters requested are different than current active one (requested -> active):
  custom:video-decoder-ogg-theora: a1e56fd34408186e4bbccfd4996cb3dc -> 
  custom:container-muxer-webm: aa71ff27fc2769a1b78a27578f13a17b -> 
  custom:container-demuxer-webm: 4f35f7cbe854078d1ac9338744f61a02 -> 
  custom:video-encoder-webm-vp8: eb34c28f22e8b96e1ab97ce403110664 -> 
  custom:video-codec-MediaFoundation-h265: 746d11721c4dcdbdad8f713fa42b33f4 -> 
  custom:audio-encoder-webm-vorbis: bf7c407c2cedff20999df2af8eb42d56 -> 
  custom:framework-win-MediaFoundation: 216162199b28c13a410421893ffa2e32 -> 
  custom:container-demuxer-ogg: 62fdf1f143b41e24485cea50d1cbac27 -> 
  custom:video-decoder-webm-vp8: 9c59270c3fd7afecdb556c50c9e8de78 -> 
  custom:audio-decoder-ogg-vorbis: bf7c407c2cedff20999df2af8eb42d56 -> 
========================================================================
Received Import Request.
  Time since last request: 6198.563203 seconds.
  path: Assets/MK_FILES
  artifactKey: Guid(956b6029c4fb1ec46bff570085a39162) Importer(815301076,1909f56bfc062723c751e8b465ee728b)
Start importing Assets/MK_FILES using Guid(956b6029c4fb1ec46bff570085a39162) Importer(815301076,1909f56bfc062723c751e8b465ee728b)  -> (artifact id: '1c975a77eaede45b72075ee5fbb36795') in 0.010349 seconds 
========================================================================
Received Import Request.
  Time since last request: 354.405189 seconds.
  path: Assets/MK_FILES/audio
  artifactKey: Guid(cab38d093d1bb7a44a607fa176075db2) Importer(815301076,1909f56bfc062723c751e8b465ee728b)
Start importing Assets/MK_FILES/audio using Guid(cab38d093d1bb7a44a607fa176075db2) Importer(815301076,1909f56bfc062723c751e8b465ee728b)  -> (artifact id: 'ba59ed67e397f3c47e7ffeab361eb640') in 0.005110 seconds 
========================================================================
Received Import Request.
  Time since last request: 12.963477 seconds.
  path: Assets/MK_FILES/audio/button-124476.mp3
  artifactKey: Guid(69105f80195e6184fa2b67c1e640b3e0) Importer(815301076,1909f56bfc062723c751e8b465ee728b)
Start importing Assets/MK_FILES/audio/button-124476.mp3 using Guid(69105f80195e6184fa2b67c1e640b3e0) Importer(815301076,1909f56bfc062723c751e8b465ee728b)  -> (artifact id: '8017fe33f3a1c192f29a0998f7753801') in 0.132540 seconds 
========================================================================
Received Import Request.
  Time since last request: 4.869709 seconds.
  path: Assets/MK_FILES/audio/effect_01.mp3
  artifactKey: Guid(69105f80195e6184fa2b67c1e640b3e0) Importer(815301076,1909f56bfc062723c751e8b465ee728b)
Start importing Assets/MK_FILES/audio/effect_01.mp3 using Guid(69105f80195e6184fa2b67c1e640b3e0) Importer(815301076,1909f56bfc062723c751e8b465ee728b)  -> (artifact id: '3617f063b0fdef60e014792c3e080c19') in 0.015068 seconds 
========================================================================
Received Import Request.
  Time since last request: 0.421286 seconds.
  path: Assets/MK_FILES/audio/notifications-sound-127856.mp3
  artifactKey: Guid(88f2b1b45a1f7b9479fab156f4ec0b26) Importer(815301076,1909f56bfc062723c751e8b465ee728b)
Start importing Assets/MK_FILES/audio/notifications-sound-127856.mp3 using Guid(88f2b1b45a1f7b9479fab156f4ec0b26) Importer(815301076,1909f56bfc062723c751e8b465ee728b)  -> (artifact id: '16f7cdb29bfd59ea891da40c3bf57b2b') in 0.012797 seconds 
========================================================================
Received Import Request.
  Time since last request: 5.099193 seconds.
  path: Assets/MK_FILES/audio/effect_02.mp3
  artifactKey: Guid(88f2b1b45a1f7b9479fab156f4ec0b26) Importer(815301076,1909f56bfc062723c751e8b465ee728b)
Start importing Assets/MK_FILES/audio/effect_02.mp3 using Guid(88f2b1b45a1f7b9479fab156f4ec0b26) Importer(815301076,1909f56bfc062723c751e8b465ee728b)  -> (artifact id: '04960945d201926c54eab806f5b50358') in 0.012241 seconds 
========================================================================
Received Import Request.
  Time since last request: 130.727416 seconds.
  path: Assets/MK_FILES/inputs
  artifactKey: Guid(55e1d476441dedc408853889eec6609e) Importer(815301076,1909f56bfc062723c751e8b465ee728b)
Start importing Assets/MK_FILES/inputs using Guid(55e1d476441dedc408853889eec6609e) Importer(815301076,1909f56bfc062723c751e8b465ee728b)  -> (artifact id: '09b128b1a10ddcd78ba3076147e8acca') in 0.004227 seconds 
========================================================================
Received Import Request.
  Time since last request: 0.941918 seconds.
  path: Assets/MK_FILES/animations
  artifactKey: Guid(e698dff324ba3e548b9f25e13b457b31) Importer(815301076,1909f56bfc062723c751e8b465ee728b)
Start importing Assets/MK_FILES/animations using Guid(e698dff324ba3e548b9f25e13b457b31) Importer(815301076,1909f56bfc062723c751e8b465ee728b)  -> (artifact id: '505b20c5492f100e31d460da017fd8b7') in 0.004268 seconds 
========================================================================
Received Import Request.
  Time since last request: 2.505522 seconds.
  path: Assets/MK_FILES/ui
  artifactKey: Guid(25b48a22e4117ba449be2cc0906c1a38) Importer(815301076,1909f56bfc062723c751e8b465ee728b)
Start importing Assets/MK_FILES/ui using Guid(25b48a22e4117ba449be2cc0906c1a38) Importer(815301076,1909f56bfc062723c751e8b465ee728b)  -> (artifact id: '4a3a2bcc63db99f862b506e05aff6d90') in 0.004067 seconds 
========================================================================
Received Import Request.
  Time since last request: 0.303979 seconds.
  path: Assets/MK_FILES/textures
  artifactKey: Guid(c87dba75ff5033f45ab49368dfd9a7e3) Importer(815301076,1909f56bfc062723c751e8b465ee728b)
Start importing Assets/MK_FILES/textures using Guid(c87dba75ff5033f45ab49368dfd9a7e3) Importer(815301076,1909f56bfc062723c751e8b465ee728b)  -> (artifact id: '0b3ed963c8018dc66f108bfda796527d') in 0.004844 seconds 
========================================================================
Received Import Request.
  Time since last request: 0.793478 seconds.
  path: Assets/MK_FILES/shaders
  artifactKey: Guid(b1e8469763b3a8a41bd2bea1555a28c1) Importer(815301076,1909f56bfc062723c751e8b465ee728b)
Start importing Assets/MK_FILES/shaders using Guid(b1e8469763b3a8a41bd2bea1555a28c1) Importer(815301076,1909f56bfc062723c751e8b465ee728b)  -> (artifact id: 'b261ccf156f04b67e08d6e29feb46b6d') in 0.005618 seconds 
========================================================================
Received Import Request.
  Time since last request: 1.053719 seconds.
  path: Assets/MK_FILES/scripts
  artifactKey: Guid(dd3bc4ac04b07234d8681c9ef3851571) Importer(815301076,1909f56bfc062723c751e8b465ee728b)
Start importing Assets/MK_FILES/scripts using Guid(dd3bc4ac04b07234d8681c9ef3851571) Importer(815301076,1909f56bfc062723c751e8b465ee728b)  -> (artifact id: '2a0fefd2d40d1fd6d38480686631ad50') in 0.004689 seconds 
========================================================================
Received Import Request.
  Time since last request: 1.040257 seconds.
  path: Assets/MK_FILES/prefabs
  artifactKey: Guid(b82279fe0df388042b73f318bfdbed65) Importer(815301076,1909f56bfc062723c751e8b465ee728b)
Start importing Assets/MK_FILES/prefabs using Guid(b82279fe0df388042b73f318bfdbed65) Importer(815301076,1909f56bfc062723c751e8b465ee728b)  -> (artifact id: 'f02117577f0fede2e19645d967c9cda5') in 0.004057 seconds 
========================================================================
Received Import Request.
  Time since last request: 0.466867 seconds.
  path: Assets/MK_FILES/models
  artifactKey: Guid(7cee81860b6a16048b34007d67f5bc13) Importer(815301076,1909f56bfc062723c751e8b465ee728b)
Start importing Assets/MK_FILES/models using Guid(7cee81860b6a16048b34007d67f5bc13) Importer(815301076,1909f56bfc062723c751e8b465ee728b)  -> (artifact id: '9bea40729859b6f4e3168a1cc9fdca1e') in 0.004080 seconds 
========================================================================
Received Import Request.
  Time since last request: 4.959240 seconds.
  path: Assets/MK_FILES/prefabs/Base_Scene_Elements.prefab
  artifactKey: Guid(455353132dc1af644b909d1ef224f6dd) Importer(815301076,1909f56bfc062723c751e8b465ee728b)
Start importing Assets/MK_FILES/prefabs/Base_Scene_Elements.prefab using Guid(455353132dc1af644b909d1ef224f6dd) Importer(815301076,1909f56bfc062723c751e8b465ee728b)  -> (artifact id: 'a135a348b0d57106ab26060b714d5109') in 0.060663 seconds 
